INFO:__main__:Setting DMA values for  ...
INFO:__main__:Setting DMA values for 3081...
INFO:__main__:Removed data length from 1351 to 1200
INFO:__main__:Created time vector with max time = 120.0 and len = 1200
INFO:__main__:t_f = 7.5 s| t_d = 1.963495408493621 s
INFO:__main__:1.1778110476294885e-05
INFO:__main__:Setting DMA values for  ...
INFO:__main__:Setting DMA values for 3081...
INFO:__main__:Removed data length from 1351 to 1200
INFO:__main__:Created time vector with max time = 120.0 and len = 1200
INFO:__main__:t_f = 1 s| t_d = 1.963495408493621 s
INFO:__main__:1.1778110476294885e-05
INFO:__main__:Setting DMA values for  ...
INFO:__main__:Setting DMA values for 3081...
INFO:__main__:Removed data length from 1351 to 1200
INFO:__main__:Created time vector with max time = 120.0 and len = 1200
INFO:__main__:t_f = 1 s| t_d = 1.963495408493621 s
INFO:__main__:1.1778110476294885e-05
INFO:__main__:Setting DMA values for  ...
INFO:__main__:Setting DMA values for 3081...
INFO:__main__:Removed data length from 1351 to 1200
INFO:__main__:Created time vector with max time = 120.0 and len = 1200
INFO:__main__:t_f = 1 s| t_d = 1.963495408493621 s
INFO:__main__:1.1778110476294885e-05
INFO:__main__:Setting DMA values for  ...
INFO:__main__:Setting DMA values for 3081...
INFO:__main__:Removed data length from 1351 to 1200
INFO:__main__:Created time vector with max time = 120.0 and len = 1200
INFO:__main__:t_f = 1 s| t_d = 1.963495408493621 s
INFO:__main__:Setting DMA values for  ...
INFO:__main__:Setting DMA values for 3081...
INFO:__main__:Removed data length from 1351 to 1200
INFO:__main__:Created time vector with max time = 120.0 and len = 1200
INFO:__main__:t_f = 20 s| t_d = 1.963495408493621 s
INFO:__main__:Setting DMA values for  ...
INFO:__main__:Setting DMA values for 3081...
INFO:__main__:Removed data length from 1351 to 1200
INFO:__main__:Created time vector with max time = 120.0 and len = 1200
INFO:__main__:t_f = 20 s| t_d = 1.963495408493621 s
INFO:__main__:Setting DMA values for  ...
INFO:__main__:Setting DMA values for 3081...
INFO:__main__:Removed data length from 1351 to 1200
INFO:__main__:Created time vector with max time = 120.0 and len = 1200
INFO:__main__:t_f = 40 s| t_d = 1.963495408493621 s
INFO:__main__:Setting DMA values for  ...
INFO:__main__:Setting DMA values for 3081...
INFO:__main__:Removed data length from 1351 to 1200
INFO:__main__:Created time vector with max time = 120.0 and len = 1200
INFO:__main__:t_f = 8 s| t_d = 1.963495408493621 s
INFO:__main__:Setting DMA values for  ...
INFO:__main__:Setting DMA values for 3081...
INFO:__main__:Removed data length from 1351 to 1200
INFO:__main__:Created time vector with max time = 120.0 and len = 1200
INFO:__main__:t_f = 7.5 s| t_d = 1.963495408493621 s
INFO:__main__:Setting DMA values for  ...
INFO:__main__:Setting DMA values for 3081...
INFO:__main__:Removed data length from 1351 to 1200
INFO:__main__:Created time vector with max time = 120.0 and len = 1200
INFO:__main__:t_f = 7.5 s| t_d = 0.034 s
INFO:__main__:Setting DMA values for  ...
INFO:__main__:Setting DMA values for 3081...
INFO:__main__:Removed data length from 1351 to 1200
INFO:__main__:Created time vector with max time = 120.0 and len = 1200
INFO:__main__:t_f = 7.5 s| t_d = 3.4 s
INFO:__main__:Setting DMA values for  ...
INFO:__main__:Setting DMA values for 3081...
INFO:__main__:Removed data length from 1351 to 1200
INFO:__main__:Created time vector with max time = 120.0 and len = 1200
INFO:__main__:t_f = 8.5 s| t_d = 3.4 s
INFO:__main__:Setting DMA values for  ...
INFO:__main__:Setting DMA values for 3081...
INFO:__main__:Removed data length from 1351 to 1200
INFO:__main__:Created time vector with max time = 120.0 and len = 1200
INFO:__main__:t_f = 8.5 s| t_d = 3.4 s
INFO:__main__:Setting DMA values for  ...
INFO:__main__:Setting DMA values for 3081...
INFO:__main__:Removed data length from 1351 to 1200
INFO:__main__:Created time vector with max time = 120.0 and len = 1200
INFO:__main__:t_f = 8.5 s| t_d = 3.4 s
INFO:__main__:Setting DMA values for  ...
INFO:__main__:Setting DMA values for 3081...
INFO:__main__:Removed data length from 1351 to 1200
INFO:__main__:Created time vector with max time = 120.0 and len = 1200
INFO:__main__:t_f = 8.5 s| t_d = 3.4 s
INFO:__main__:Setting DMA values for  ...
INFO:__main__:Setting DMA values for 3081...
INFO:__main__:Removed data length from 1351 to 1200
INFO:__main__:Created time vector with max time = 120.0 and len = 1200
INFO:__main__:t_f = 8.5 s| t_d = 3.4 s
INFO:__main__:Setting DMA values for  ...
INFO:__main__:Setting DMA values for 3081...
INFO:__main__:Removed data length from 1351 to 1200
INFO:__main__:Created time vector with max time = 120.0 and len = 1200
INFO:__main__:t_f = 8.5 s| t_d = 3.4 s
INFO:__main__:Setting DMA values for  ...
INFO:__main__:Setting DMA values for 3081...
INFO:__main__:Removed data length from 1351 to 1200
INFO:__main__:Created time vector with max time = 120.0 and len = 1200
INFO:__main__:t_f = 8.5 s| t_d = 3.4 s
INFO:__main__:Setting DMA values for  ...
INFO:__main__:Setting DMA values for 3081...
INFO:__main__:Removed data length from 1351 to 1200
INFO:__main__:Created time vector with max time = 120.0 and len = 1200
INFO:__main__:t_f = 8.5 s| t_d = 3.4 s
INFO:__main__:Setting DMA values for  ...
INFO:__main__:Setting DMA values for 3081...
INFO:__main__:Removed data length from 1351 to 1200
INFO:__main__:Created time vector with max time = 120.0 and len = 1200
INFO:__main__:t_f = 8.5 s| t_d = 3.4 s
INFO:__main__:Setting DMA values for  ...
INFO:__main__:Setting DMA values for 3081...
INFO:__main__:Removed data length from 1351 to 1200
INFO:__main__:Created time vector with max time = 120.0 and len = 1200
INFO:__main__:t_f = 7.5 s| t_d = 3.4 s
INFO:__main__:Setting DMA values for  ...
INFO:__main__:Setting DMA values for 3081...
INFO:__main__:Removed data length from 1351 to 1200
INFO:__main__:Created time vector with max time = 120.0 and len = 1200
INFO:__main__:t_f = 7.5 s| t_d = 0 s
INFO:__main__:Setting DMA values for  ...
INFO:__main__:Setting DMA values for 3081...
INFO:__main__:Removed data length from 1351 to 1200
INFO:__main__:Created time vector with max time = 120.0 and len = 1200
INFO:__main__:t_f = 7.5 s| t_d = 3.4 s
INFO:__main__:Setting DMA values for  ...
INFO:__main__:Setting DMA values for 3081...
INFO:__main__:Removed data length from 1351 to 1200
INFO:__main__:Created time vector with max time = 120.0 and len = 1200
INFO:__main__:t_f = 10 s| t_d = 3.4 s
INFO:__main__:Setting DMA values for  ...
INFO:__main__:Setting DMA values for 3081...
INFO:__main__:Removed data length from 1351 to 1200
INFO:__main__:Created time vector with max time = 120.0 and len = 1200
INFO:__main__:t_f = 100 s| t_d = 3.4 s
INFO:__main__:Setting DMA values for  ...
INFO:__main__:Setting DMA values for 3081...
INFO:__main__:Removed data length from 1351 to 1200
INFO:__main__:Created time vector with max time = 120.0 and len = 1200
INFO:__main__:t_f = 7.5 s| t_d = 3.4 s
INFO:__main__:Setting DMA values for  ...
INFO:__main__:Setting DMA values for 3081...
INFO:__main__:Removed data length from 1351 to 1200
INFO:__main__:Created time vector with max time = 120.0 and len = 1200
INFO:__main__:t_f = 7.5 s| t_d = 3.4 s
INFO:__main__:Setting DMA values for  ...
INFO:__main__:Setting DMA values for 3081...
INFO:__main__:Removed data length from 1351 to 1200
INFO:__main__:Created time vector with max time = 120.0 and len = 1200
INFO:__main__:t_f = 7.5 s| t_d = 5.363495408493621 s
INFO:__main__:Setting DMA values for  ...
INFO:__main__:Setting DMA values for 3081...
INFO:__main__:Removed data length from 1351 to 1200
INFO:__main__:Created time vector with max time = 120.0 and len = 1200
INFO:__main__:t_f = 8.272901370834328 s| t_d = 5.363495408493621 s
INFO:__main__:Setting DMA values for  ...
INFO:__main__:Setting DMA values for 3081...
INFO:__main__:Removed data length from 1351 to 1200
INFO:__main__:Created time vector with max time = 120.0 and len = 1200
INFO:__main__:t_f = 8.272901370834328 s| t_d = 5.363495408493621 s
INFO:__main__:Setting DMA values for  ...
INFO:__main__:Setting DMA values for 3085...
INFO:__main__:Removed data length from 1351 to 1200
INFO:__main__:Created time vector with max time = 120.0 and len = 1200
INFO:__main__:t_f = 0.17240452612368332 s| t_d = 3.792699081698724 s
